<?xml version="1.0" encoding="UTF-8"?>
<!-- Generated by org.testng.reporters.JUnitReportReporter -->
<testsuite skipped="1" hostname="DESKTOP-3ND57S0" name="TestCaseTests.BackendTestCases" tests="5" failures="0" timestamp="07 Oct 2018 19:48:33 GMT" time="66.973" errors="0">
  <testcase name="Email_Report" time="17.354" classname="TestCaseTests.BackendTestCases"/>
  <testcase name="Print_Invoices" time="18.850" classname="TestCaseTests.BackendTestCases"/>
  <testcase name="Sort_Functionality" time="10.406" classname="TestCaseTests.BackendTestCases"/>
  <testcase name="Verify_DisabledFields" time="10.888" classname="TestCaseTests.BackendTestCases"/>
  <testcase name="Verify_DisabledFields" time="9.475" classname="TestCaseTests.BackendTestCases">
    <skipped/>
  </testcase> <!-- Verify_DisabledFields -->
</testsuite> <!-- TestCaseTests.BackendTestCases -->
