<?xml version="1.0" encoding="UTF-8"?>
<!-- Generated by org.testng.reporters.JUnitReportReporter -->
<testsuite skipped="0" hostname="DESKTOP-3ND57S0" name="TestCaseTests.MobilePageTest" tests="1" failures="0" timestamp="23 Sep 2018 17:04:33 GMT" time="11.544" errors="0">
  <testcase name="Verify_DisabledFields" time="11.544" classname="TestCaseTests.MobilePageTest"/>
</testsuite> <!-- TestCaseTests.MobilePageTest -->
